# Logfile created on 2014-01-06 19:29:50 +0200 by logger.rb/36483
I, [2014-01-06T19:29:50.111660 #33803]  INFO -- : 0:  rake (10.1.1) from /Users/mluukkai/.rbenv/versions/2.0.0-p247/lib/ruby/gems/2.0.0/specifications/rake-10.1.1.gemspec
I, [2014-01-06T19:29:50.112039 #33803]  INFO -- : 0:  i18n (0.6.9) from /Users/mluukkai/.rbenv/versions/2.0.0-p247/lib/ruby/gems/2.0.0/specifications/i18n-0.6.9.gemspec
I, [2014-01-06T19:29:50.112311 #33803]  INFO -- : 0:  minitest (4.7.5) from /Users/mluukkai/.rbenv/versions/2.0.0-p247/lib/ruby/gems/2.0.0/specifications/minitest-4.7.5.gemspec
I, [2014-01-06T19:29:50.112566 #33803]  INFO -- : 0:  multi_json (1.8.2) from /Users/mluukkai/.rbenv/versions/2.0.0-p247/lib/ruby/gems/2.0.0/specifications/multi_json-1.8.2.gemspec
I, [2014-01-06T19:29:50.112860 #33803]  INFO -- : 0:  atomic (1.1.14) from /Users/mluukkai/.rbenv/versions/2.0.0-p247/lib/ruby/gems/2.0.0/specifications/atomic-1.1.14.gemspec
I, [2014-01-06T19:29:50.113106 #33803]  INFO -- : 0:  thread_safe (0.1.3) from /Users/mluukkai/.rbenv/versions/2.0.0-p247/lib/ruby/gems/2.0.0/specifications/thread_safe-0.1.3.gemspec
I, [2014-01-06T19:29:50.113353 #33803]  INFO -- : 0:  tzinfo (0.3.38) from /Users/mluukkai/.rbenv/versions/2.0.0-p247/lib/ruby/gems/2.0.0/specifications/tzinfo-0.3.38.gemspec
I, [2014-01-06T19:29:50.113595 #33803]  INFO -- : 0:  activesupport (4.0.2) from /Users/mluukkai/.rbenv/versions/2.0.0-p247/lib/ruby/gems/2.0.0/specifications/activesupport-4.0.2.gemspec
I, [2014-01-06T19:29:50.113835 #33803]  INFO -- : 0:  builder (3.1.4) from /Users/mluukkai/.rbenv/versions/2.0.0-p247/lib/ruby/gems/2.0.0/specifications/builder-3.1.4.gemspec
I, [2014-01-06T19:29:50.114074 #33803]  INFO -- : 0:  erubis (2.7.0) from /Users/mluukkai/.rbenv/versions/2.0.0-p247/lib/ruby/gems/2.0.0/specifications/erubis-2.7.0.gemspec
I, [2014-01-06T19:29:50.114313 #33803]  INFO -- : 0:  rack (1.5.2) from /Users/mluukkai/.rbenv/versions/2.0.0-p247/lib/ruby/gems/2.0.0/specifications/rack-1.5.2.gemspec
I, [2014-01-06T19:29:50.114552 #33803]  INFO -- : 0:  rack-test (0.6.2) from /Users/mluukkai/.rbenv/versions/2.0.0-p247/lib/ruby/gems/2.0.0/specifications/rack-test-0.6.2.gemspec
I, [2014-01-06T19:29:50.114793 #33803]  INFO -- : 0:  actionpack (4.0.2) from /Users/mluukkai/.rbenv/versions/2.0.0-p247/lib/ruby/gems/2.0.0/specifications/actionpack-4.0.2.gemspec
I, [2014-01-06T19:29:50.115032 #33803]  INFO -- : 0:  mime-types (1.25.1) from /Users/mluukkai/.rbenv/versions/2.0.0-p247/lib/ruby/gems/2.0.0/specifications/mime-types-1.25.1.gemspec
I, [2014-01-06T19:29:50.115271 #33803]  INFO -- : 0:  polyglot (0.3.3) from /Users/mluukkai/.rbenv/versions/2.0.0-p247/lib/ruby/gems/2.0.0/specifications/polyglot-0.3.3.gemspec
I, [2014-01-06T19:29:50.115508 #33803]  INFO -- : 0:  treetop (1.4.15) from /Users/mluukkai/.rbenv/versions/2.0.0-p247/lib/ruby/gems/2.0.0/specifications/treetop-1.4.15.gemspec
I, [2014-01-06T19:29:50.115744 #33803]  INFO -- : 0:  mail (2.5.4) from /Users/mluukkai/.rbenv/versions/2.0.0-p247/lib/ruby/gems/2.0.0/specifications/mail-2.5.4.gemspec
I, [2014-01-06T19:29:50.115985 #33803]  INFO -- : 0:  actionmailer (4.0.2) from /Users/mluukkai/.rbenv/versions/2.0.0-p247/lib/ruby/gems/2.0.0/specifications/actionmailer-4.0.2.gemspec
I, [2014-01-06T19:29:50.116222 #33803]  INFO -- : 0:  activemodel (4.0.2) from /Users/mluukkai/.rbenv/versions/2.0.0-p247/lib/ruby/gems/2.0.0/specifications/activemodel-4.0.2.gemspec
I, [2014-01-06T19:29:50.116463 #33803]  INFO -- : 0:  activerecord-deprecated_finders (1.0.3) from /Users/mluukkai/.rbenv/versions/2.0.0-p247/lib/ruby/gems/2.0.0/specifications/activerecord-deprecated_finders-1.0.3.gemspec
I, [2014-01-06T19:29:50.116699 #33803]  INFO -- : 0:  arel (4.0.1) from /Users/mluukkai/.rbenv/versions/2.0.0-p247/lib/ruby/gems/2.0.0/specifications/arel-4.0.1.gemspec
I, [2014-01-06T19:29:50.116939 #33803]  INFO -- : 0:  activerecord (4.0.2) from /Users/mluukkai/.rbenv/versions/2.0.0-p247/lib/ruby/gems/2.0.0/specifications/activerecord-4.0.2.gemspec
I, [2014-01-06T19:29:50.117151 #33803]  INFO -- : 0:  bundler (1.5.1) from /Users/mluukkai/.rbenv/versions/2.0.0-p247/lib/ruby/gems/2.0.0/specifications/bundler-1.5.1.gemspec
I, [2014-01-06T19:29:50.117399 #33803]  INFO -- : 0:  coffee-script-source (1.6.3) from /Users/mluukkai/.rbenv/versions/2.0.0-p247/lib/ruby/gems/2.0.0/specifications/coffee-script-source-1.6.3.gemspec
I, [2014-01-06T19:29:50.117632 #33803]  INFO -- : 0:  execjs (2.0.2) from /Users/mluukkai/.rbenv/versions/2.0.0-p247/lib/ruby/gems/2.0.0/specifications/execjs-2.0.2.gemspec
I, [2014-01-06T19:29:50.117870 #33803]  INFO -- : 0:  coffee-script (2.2.0) from /Users/mluukkai/.rbenv/versions/2.0.0-p247/lib/ruby/gems/2.0.0/specifications/coffee-script-2.2.0.gemspec
I, [2014-01-06T19:29:50.118105 #33803]  INFO -- : 0:  thor (0.18.1) from /Users/mluukkai/.rbenv/versions/2.0.0-p247/lib/ruby/gems/2.0.0/specifications/thor-0.18.1.gemspec
I, [2014-01-06T19:29:50.118341 #33803]  INFO -- : 0:  railties (4.0.2) from /Users/mluukkai/.rbenv/versions/2.0.0-p247/lib/ruby/gems/2.0.0/specifications/railties-4.0.2.gemspec
I, [2014-01-06T19:29:50.118578 #33803]  INFO -- : 0:  coffee-rails (4.0.1) from /Users/mluukkai/.rbenv/versions/2.0.0-p247/lib/ruby/gems/2.0.0/specifications/coffee-rails-4.0.1.gemspec
I, [2014-01-06T19:29:50.118820 #33803]  INFO -- : 0:  hike (1.2.3) from /Users/mluukkai/.rbenv/versions/2.0.0-p247/lib/ruby/gems/2.0.0/specifications/hike-1.2.3.gemspec
I, [2014-01-06T19:29:50.119058 #33803]  INFO -- : 0:  jbuilder (1.5.3) from /Users/mluukkai/.rbenv/versions/2.0.0-p247/lib/ruby/gems/2.0.0/specifications/jbuilder-1.5.3.gemspec
I, [2014-01-06T19:29:50.119294 #33803]  INFO -- : 0:  jquery-rails (3.0.4) from /Users/mluukkai/.rbenv/versions/2.0.0-p247/lib/ruby/gems/2.0.0/specifications/jquery-rails-3.0.4.gemspec
I, [2014-01-06T19:29:50.119536 #33803]  INFO -- : 0:  json (1.8.1) from /Users/mluukkai/.rbenv/versions/2.0.0-p247/lib/ruby/gems/2.0.0/specifications/json-1.8.1.gemspec
I, [2014-01-06T19:29:50.119774 #33803]  INFO -- : 0:  tilt (1.4.1) from /Users/mluukkai/.rbenv/versions/2.0.0-p247/lib/ruby/gems/2.0.0/specifications/tilt-1.4.1.gemspec
I, [2014-01-06T19:29:50.120014 #33803]  INFO -- : 0:  sprockets (2.10.1) from /Users/mluukkai/.rbenv/versions/2.0.0-p247/lib/ruby/gems/2.0.0/specifications/sprockets-2.10.1.gemspec
I, [2014-01-06T19:29:50.120251 #33803]  INFO -- : 0:  sprockets-rails (2.0.1) from /Users/mluukkai/.rbenv/versions/2.0.0-p247/lib/ruby/gems/2.0.0/specifications/sprockets-rails-2.0.1.gemspec
I, [2014-01-06T19:29:50.120485 #33803]  INFO -- : 0:  rails (4.0.2) from /Users/mluukkai/.rbenv/versions/2.0.0-p247/lib/ruby/gems/2.0.0/specifications/rails-4.0.2.gemspec
I, [2014-01-06T19:29:50.120724 #33803]  INFO -- : 0:  rdoc (3.12.2) from /Users/mluukkai/.rbenv/versions/2.0.0-p247/lib/ruby/gems/2.0.0/specifications/rdoc-3.12.2.gemspec
I, [2014-01-06T19:29:50.120965 #33803]  INFO -- : 0:  sass (3.2.13) from /Users/mluukkai/.rbenv/versions/2.0.0-p247/lib/ruby/gems/2.0.0/specifications/sass-3.2.13.gemspec
I, [2014-01-06T19:29:50.121204 #33803]  INFO -- : 0:  sass-rails (4.0.1) from /Users/mluukkai/.rbenv/versions/2.0.0-p247/lib/ruby/gems/2.0.0/specifications/sass-rails-4.0.1.gemspec
I, [2014-01-06T19:29:50.121438 #33803]  INFO -- : 0:  sdoc (0.3.20) from /Users/mluukkai/.rbenv/versions/2.0.0-p247/lib/ruby/gems/2.0.0/specifications/sdoc-0.3.20.gemspec
I, [2014-01-06T19:29:50.121675 #33803]  INFO -- : 0:  sqlite3 (1.3.8) from /Users/mluukkai/.rbenv/versions/2.0.0-p247/lib/ruby/gems/2.0.0/specifications/sqlite3-1.3.8.gemspec
I, [2014-01-06T19:29:50.121913 #33803]  INFO -- : 0:  turbolinks (2.1.0) from /Users/mluukkai/.rbenv/versions/2.0.0-p247/lib/ruby/gems/2.0.0/specifications/turbolinks-2.1.0.gemspec
I, [2014-01-06T19:29:50.122153 #33803]  INFO -- : 0:  uglifier (2.4.0) from /Users/mluukkai/.rbenv/versions/2.0.0-p247/lib/ruby/gems/2.0.0/specifications/uglifier-2.4.0.gemspec
I, [2014-01-08T16:23:09.652216 #58372]  INFO -- : 0:  rake (10.1.1) from /Users/mluukkai/.rbenv/versions/2.0.0-p247/lib/ruby/gems/2.0.0/specifications/rake-10.1.1.gemspec
I, [2014-01-08T16:23:09.653012 #58372]  INFO -- : 0:  i18n (0.6.9) from /Users/mluukkai/.rbenv/versions/2.0.0-p247/lib/ruby/gems/2.0.0/specifications/i18n-0.6.9.gemspec
I, [2014-01-08T16:23:09.653322 #58372]  INFO -- : 0:  minitest (4.7.5) from /Users/mluukkai/.rbenv/versions/2.0.0-p247/lib/ruby/gems/2.0.0/specifications/minitest-4.7.5.gemspec
I, [2014-01-08T16:23:09.653648 #58372]  INFO -- : 0:  multi_json (1.8.2) from /Users/mluukkai/.rbenv/versions/2.0.0-p247/lib/ruby/gems/2.0.0/specifications/multi_json-1.8.2.gemspec
I, [2014-01-08T16:23:09.653929 #58372]  INFO -- : 0:  atomic (1.1.14) from /Users/mluukkai/.rbenv/versions/2.0.0-p247/lib/ruby/gems/2.0.0/specifications/atomic-1.1.14.gemspec
I, [2014-01-08T16:23:09.654190 #58372]  INFO -- : 0:  thread_safe (0.1.3) from /Users/mluukkai/.rbenv/versions/2.0.0-p247/lib/ruby/gems/2.0.0/specifications/thread_safe-0.1.3.gemspec
I, [2014-01-08T16:23:09.654446 #58372]  INFO -- : 0:  tzinfo (0.3.38) from /Users/mluukkai/.rbenv/versions/2.0.0-p247/lib/ruby/gems/2.0.0/specifications/tzinfo-0.3.38.gemspec
I, [2014-01-08T16:23:09.654703 #58372]  INFO -- : 0:  activesupport (4.0.2) from /Users/mluukkai/.rbenv/versions/2.0.0-p247/lib/ruby/gems/2.0.0/specifications/activesupport-4.0.2.gemspec
I, [2014-01-08T16:23:09.654956 #58372]  INFO -- : 0:  builder (3.1.4) from /Users/mluukkai/.rbenv/versions/2.0.0-p247/lib/ruby/gems/2.0.0/specifications/builder-3.1.4.gemspec
I, [2014-01-08T16:23:09.655206 #58372]  INFO -- : 0:  erubis (2.7.0) from /Users/mluukkai/.rbenv/versions/2.0.0-p247/lib/ruby/gems/2.0.0/specifications/erubis-2.7.0.gemspec
I, [2014-01-08T16:23:09.655468 #58372]  INFO -- : 0:  rack (1.5.2) from /Users/mluukkai/.rbenv/versions/2.0.0-p247/lib/ruby/gems/2.0.0/specifications/rack-1.5.2.gemspec
I, [2014-01-08T16:23:09.655719 #58372]  INFO -- : 0:  rack-test (0.6.2) from /Users/mluukkai/.rbenv/versions/2.0.0-p247/lib/ruby/gems/2.0.0/specifications/rack-test-0.6.2.gemspec
I, [2014-01-08T16:23:09.655982 #58372]  INFO -- : 0:  actionpack (4.0.2) from /Users/mluukkai/.rbenv/versions/2.0.0-p247/lib/ruby/gems/2.0.0/specifications/actionpack-4.0.2.gemspec
I, [2014-01-08T16:23:09.656232 #58372]  INFO -- : 0:  mime-types (1.25.1) from /Users/mluukkai/.rbenv/versions/2.0.0-p247/lib/ruby/gems/2.0.0/specifications/mime-types-1.25.1.gemspec
I, [2014-01-08T16:23:09.656501 #58372]  INFO -- : 0:  polyglot (0.3.3) from /Users/mluukkai/.rbenv/versions/2.0.0-p247/lib/ruby/gems/2.0.0/specifications/polyglot-0.3.3.gemspec
I, [2014-01-08T16:23:09.656748 #58372]  INFO -- : 0:  treetop (1.4.15) from /Users/mluukkai/.rbenv/versions/2.0.0-p247/lib/ruby/gems/2.0.0/specifications/treetop-1.4.15.gemspec
I, [2014-01-08T16:23:09.657005 #58372]  INFO -- : 0:  mail (2.5.4) from /Users/mluukkai/.rbenv/versions/2.0.0-p247/lib/ruby/gems/2.0.0/specifications/mail-2.5.4.gemspec
I, [2014-01-08T16:23:09.657257 #58372]  INFO -- : 0:  actionmailer (4.0.2) from /Users/mluukkai/.rbenv/versions/2.0.0-p247/lib/ruby/gems/2.0.0/specifications/actionmailer-4.0.2.gemspec
I, [2014-01-08T16:23:09.657518 #58372]  INFO -- : 0:  activemodel (4.0.2) from /Users/mluukkai/.rbenv/versions/2.0.0-p247/lib/ruby/gems/2.0.0/specifications/activemodel-4.0.2.gemspec
I, [2014-01-08T16:23:09.657769 #58372]  INFO -- : 0:  activerecord-deprecated_finders (1.0.3) from /Users/mluukkai/.rbenv/versions/2.0.0-p247/lib/ruby/gems/2.0.0/specifications/activerecord-deprecated_finders-1.0.3.gemspec
I, [2014-01-08T16:23:09.658016 #58372]  INFO -- : 0:  arel (4.0.1) from /Users/mluukkai/.rbenv/versions/2.0.0-p247/lib/ruby/gems/2.0.0/specifications/arel-4.0.1.gemspec
I, [2014-01-08T16:23:09.658280 #58372]  INFO -- : 0:  activerecord (4.0.2) from /Users/mluukkai/.rbenv/versions/2.0.0-p247/lib/ruby/gems/2.0.0/specifications/activerecord-4.0.2.gemspec
I, [2014-01-08T16:23:09.658541 #58372]  INFO -- : 0:  coffee-script-source (1.6.3) from /Users/mluukkai/.rbenv/versions/2.0.0-p247/lib/ruby/gems/2.0.0/specifications/coffee-script-source-1.6.3.gemspec
I, [2014-01-08T16:23:09.658802 #58372]  INFO -- : 0:  execjs (2.0.2) from /Users/mluukkai/.rbenv/versions/2.0.0-p247/lib/ruby/gems/2.0.0/specifications/execjs-2.0.2.gemspec
I, [2014-01-08T16:23:09.659060 #58372]  INFO -- : 0:  coffee-script (2.2.0) from /Users/mluukkai/.rbenv/versions/2.0.0-p247/lib/ruby/gems/2.0.0/specifications/coffee-script-2.2.0.gemspec
I, [2014-01-08T16:23:09.659331 #58372]  INFO -- : 0:  thor (0.18.1) from /Users/mluukkai/.rbenv/versions/2.0.0-p247/lib/ruby/gems/2.0.0/specifications/thor-0.18.1.gemspec
I, [2014-01-08T16:23:09.659586 #58372]  INFO -- : 0:  railties (4.0.2) from /Users/mluukkai/.rbenv/versions/2.0.0-p247/lib/ruby/gems/2.0.0/specifications/railties-4.0.2.gemspec
I, [2014-01-08T16:23:09.659843 #58372]  INFO -- : 0:  coffee-rails (4.0.1) from /Users/mluukkai/.rbenv/versions/2.0.0-p247/lib/ruby/gems/2.0.0/specifications/coffee-rails-4.0.1.gemspec
I, [2014-01-08T16:23:09.660108 #58372]  INFO -- : 0:  hike (1.2.3) from /Users/mluukkai/.rbenv/versions/2.0.0-p247/lib/ruby/gems/2.0.0/specifications/hike-1.2.3.gemspec
I, [2014-01-08T16:23:09.660357 #58372]  INFO -- : 0:  jbuilder (1.5.3) from /Users/mluukkai/.rbenv/versions/2.0.0-p247/lib/ruby/gems/2.0.0/specifications/jbuilder-1.5.3.gemspec
I, [2014-01-08T16:23:09.660713 #58372]  INFO -- : 0:  jquery-rails (3.0.4) from /Users/mluukkai/.rbenv/versions/2.0.0-p247/lib/ruby/gems/2.0.0/specifications/jquery-rails-3.0.4.gemspec
I, [2014-01-08T16:23:09.660981 #58372]  INFO -- : 0:  json (1.8.1) from /Users/mluukkai/.rbenv/versions/2.0.0-p247/lib/ruby/gems/2.0.0/specifications/json-1.8.1.gemspec
I, [2014-01-08T16:23:09.661209 #58372]  INFO -- : 0:  bundler (1.5.1) from /Users/mluukkai/.rbenv/versions/2.0.0-p247/lib/ruby/gems/2.0.0/specifications/bundler-1.5.1.gemspec
I, [2014-01-08T16:23:09.661479 #58372]  INFO -- : 0:  tilt (1.4.1) from /Users/mluukkai/.rbenv/versions/2.0.0-p247/lib/ruby/gems/2.0.0/specifications/tilt-1.4.1.gemspec
I, [2014-01-08T16:23:09.661728 #58372]  INFO -- : 0:  sprockets (2.10.1) from /Users/mluukkai/.rbenv/versions/2.0.0-p247/lib/ruby/gems/2.0.0/specifications/sprockets-2.10.1.gemspec
I, [2014-01-08T16:23:09.661991 #58372]  INFO -- : 0:  sprockets-rails (2.0.1) from /Users/mluukkai/.rbenv/versions/2.0.0-p247/lib/ruby/gems/2.0.0/specifications/sprockets-rails-2.0.1.gemspec
I, [2014-01-08T16:23:09.662256 #58372]  INFO -- : 0:  rails (4.0.2) from /Users/mluukkai/.rbenv/versions/2.0.0-p247/lib/ruby/gems/2.0.0/specifications/rails-4.0.2.gemspec
I, [2014-01-08T16:23:09.662508 #58372]  INFO -- : 0:  rdoc (3.12.2) from /Users/mluukkai/.rbenv/versions/2.0.0-p247/lib/ruby/gems/2.0.0/specifications/rdoc-3.12.2.gemspec
I, [2014-01-08T16:23:09.662779 #58372]  INFO -- : 0:  sass (3.2.13) from /Users/mluukkai/.rbenv/versions/2.0.0-p247/lib/ruby/gems/2.0.0/specifications/sass-3.2.13.gemspec
I, [2014-01-08T16:23:09.663082 #58372]  INFO -- : 0:  sass-rails (4.0.1) from /Users/mluukkai/.rbenv/versions/2.0.0-p247/lib/ruby/gems/2.0.0/specifications/sass-rails-4.0.1.gemspec
I, [2014-01-08T16:23:09.663338 #58372]  INFO -- : 0:  sdoc (0.3.20) from /Users/mluukkai/.rbenv/versions/2.0.0-p247/lib/ruby/gems/2.0.0/specifications/sdoc-0.3.20.gemspec
I, [2014-01-08T16:23:09.663601 #58372]  INFO -- : 0:  sqlite3 (1.3.8) from /Users/mluukkai/.rbenv/versions/2.0.0-p247/lib/ruby/gems/2.0.0/specifications/sqlite3-1.3.8.gemspec
I, [2014-01-08T16:23:09.663845 #58372]  INFO -- : 0:  turbolinks (2.1.0) from /Users/mluukkai/.rbenv/versions/2.0.0-p247/lib/ruby/gems/2.0.0/specifications/turbolinks-2.1.0.gemspec
I, [2014-01-08T16:23:09.664106 #58372]  INFO -- : 0:  uglifier (2.4.0) from /Users/mluukkai/.rbenv/versions/2.0.0-p247/lib/ruby/gems/2.0.0/specifications/uglifier-2.4.0.gemspec
I, [2014-01-08T16:23:32.359997 #58394]  INFO -- : 0:  rake (10.1.1) from /Users/mluukkai/.rbenv/versions/2.0.0-p247/lib/ruby/gems/2.0.0/specifications/rake-10.1.1.gemspec
I, [2014-01-08T16:23:32.360370 #58394]  INFO -- : 0:  i18n (0.6.9) from /Users/mluukkai/.rbenv/versions/2.0.0-p247/lib/ruby/gems/2.0.0/specifications/i18n-0.6.9.gemspec
I, [2014-01-08T16:23:32.360649 #58394]  INFO -- : 0:  minitest (4.7.5) from /Users/mluukkai/.rbenv/versions/2.0.0-p247/lib/ruby/gems/2.0.0/specifications/minitest-4.7.5.gemspec
I, [2014-01-08T16:23:32.360909 #58394]  INFO -- : 0:  multi_json (1.8.2) from /Users/mluukkai/.rbenv/versions/2.0.0-p247/lib/ruby/gems/2.0.0/specifications/multi_json-1.8.2.gemspec
I, [2014-01-08T16:23:32.361167 #58394]  INFO -- : 0:  atomic (1.1.14) from /Users/mluukkai/.rbenv/versions/2.0.0-p247/lib/ruby/gems/2.0.0/specifications/atomic-1.1.14.gemspec
I, [2014-01-08T16:23:32.361408 #58394]  INFO -- : 0:  thread_safe (0.1.3) from /Users/mluukkai/.rbenv/versions/2.0.0-p247/lib/ruby/gems/2.0.0/specifications/thread_safe-0.1.3.gemspec
I, [2014-01-08T16:23:32.361708 #58394]  INFO -- : 0:  tzinfo (0.3.38) from /Users/mluukkai/.rbenv/versions/2.0.0-p247/lib/ruby/gems/2.0.0/specifications/tzinfo-0.3.38.gemspec
I, [2014-01-08T16:23:32.361960 #58394]  INFO -- : 0:  activesupport (4.0.2) from /Users/mluukkai/.rbenv/versions/2.0.0-p247/lib/ruby/gems/2.0.0/specifications/activesupport-4.0.2.gemspec
I, [2014-01-08T16:23:32.362191 #58394]  INFO -- : 0:  builder (3.1.4) from /Users/mluukkai/.rbenv/versions/2.0.0-p247/lib/ruby/gems/2.0.0/specifications/builder-3.1.4.gemspec
I, [2014-01-08T16:23:32.362420 #58394]  INFO -- : 0:  erubis (2.7.0) from /Users/mluukkai/.rbenv/versions/2.0.0-p247/lib/ruby/gems/2.0.0/specifications/erubis-2.7.0.gemspec
I, [2014-01-08T16:23:32.362660 #58394]  INFO -- : 0:  rack (1.5.2) from /Users/mluukkai/.rbenv/versions/2.0.0-p247/lib/ruby/gems/2.0.0/specifications/rack-1.5.2.gemspec
I, [2014-01-08T16:23:32.362889 #58394]  INFO -- : 0:  rack-test (0.6.2) from /Users/mluukkai/.rbenv/versions/2.0.0-p247/lib/ruby/gems/2.0.0/specifications/rack-test-0.6.2.gemspec
I, [2014-01-08T16:23:32.363118 #58394]  INFO -- : 0:  actionpack (4.0.2) from /Users/mluukkai/.rbenv/versions/2.0.0-p247/lib/ruby/gems/2.0.0/specifications/actionpack-4.0.2.gemspec
I, [2014-01-08T16:23:32.363353 #58394]  INFO -- : 0:  mime-types (1.25.1) from /Users/mluukkai/.rbenv/versions/2.0.0-p247/lib/ruby/gems/2.0.0/specifications/mime-types-1.25.1.gemspec
I, [2014-01-08T16:23:32.363579 #58394]  INFO -- : 0:  polyglot (0.3.3) from /Users/mluukkai/.rbenv/versions/2.0.0-p247/lib/ruby/gems/2.0.0/specifications/polyglot-0.3.3.gemspec
I, [2014-01-08T16:23:32.363865 #58394]  INFO -- : 0:  treetop (1.4.15) from /Users/mluukkai/.rbenv/versions/2.0.0-p247/lib/ruby/gems/2.0.0/specifications/treetop-1.4.15.gemspec
I, [2014-01-08T16:23:32.364104 #58394]  INFO -- : 0:  mail (2.5.4) from /Users/mluukkai/.rbenv/versions/2.0.0-p247/lib/ruby/gems/2.0.0/specifications/mail-2.5.4.gemspec
I, [2014-01-08T16:23:32.364330 #58394]  INFO -- : 0:  actionmailer (4.0.2) from /Users/mluukkai/.rbenv/versions/2.0.0-p247/lib/ruby/gems/2.0.0/specifications/actionmailer-4.0.2.gemspec
I, [2014-01-08T16:23:32.364555 #58394]  INFO -- : 0:  activemodel (4.0.2) from /Users/mluukkai/.rbenv/versions/2.0.0-p247/lib/ruby/gems/2.0.0/specifications/activemodel-4.0.2.gemspec
I, [2014-01-08T16:23:32.364792 #58394]  INFO -- : 0:  activerecord-deprecated_finders (1.0.3) from /Users/mluukkai/.rbenv/versions/2.0.0-p247/lib/ruby/gems/2.0.0/specifications/activerecord-deprecated_finders-1.0.3.gemspec
I, [2014-01-08T16:23:32.365015 #58394]  INFO -- : 0:  arel (4.0.1) from /Users/mluukkai/.rbenv/versions/2.0.0-p247/lib/ruby/gems/2.0.0/specifications/arel-4.0.1.gemspec
I, [2014-01-08T16:23:32.365239 #58394]  INFO -- : 0:  activerecord (4.0.2) from /Users/mluukkai/.rbenv/versions/2.0.0-p247/lib/ruby/gems/2.0.0/specifications/activerecord-4.0.2.gemspec
I, [2014-01-08T16:23:32.365454 #58394]  INFO -- : 0:  bundler (1.5.1) from /Users/mluukkai/.rbenv/versions/2.0.0-p247/lib/ruby/gems/2.0.0/specifications/bundler-1.5.1.gemspec
I, [2014-01-08T16:23:32.365689 #58394]  INFO -- : 0:  coffee-script-source (1.6.3) from /Users/mluukkai/.rbenv/versions/2.0.0-p247/lib/ruby/gems/2.0.0/specifications/coffee-script-source-1.6.3.gemspec
I, [2014-01-08T16:23:32.365918 #58394]  INFO -- : 0:  execjs (2.0.2) from /Users/mluukkai/.rbenv/versions/2.0.0-p247/lib/ruby/gems/2.0.0/specifications/execjs-2.0.2.gemspec
I, [2014-01-08T16:23:32.366142 #58394]  INFO -- : 0:  coffee-script (2.2.0) from /Users/mluukkai/.rbenv/versions/2.0.0-p247/lib/ruby/gems/2.0.0/specifications/coffee-script-2.2.0.gemspec
I, [2014-01-08T16:23:32.366378 #58394]  INFO -- : 0:  thor (0.18.1) from /Users/mluukkai/.rbenv/versions/2.0.0-p247/lib/ruby/gems/2.0.0/specifications/thor-0.18.1.gemspec
I, [2014-01-08T16:23:32.366623 #58394]  INFO -- : 0:  railties (4.0.2) from /Users/mluukkai/.rbenv/versions/2.0.0-p247/lib/ruby/gems/2.0.0/specifications/railties-4.0.2.gemspec
I, [2014-01-08T16:23:32.366848 #58394]  INFO -- : 0:  coffee-rails (4.0.1) from /Users/mluukkai/.rbenv/versions/2.0.0-p247/lib/ruby/gems/2.0.0/specifications/coffee-rails-4.0.1.gemspec
I, [2014-01-08T16:23:32.367081 #58394]  INFO -- : 0:  hike (1.2.3) from /Users/mluukkai/.rbenv/versions/2.0.0-p247/lib/ruby/gems/2.0.0/specifications/hike-1.2.3.gemspec
I, [2014-01-08T16:23:32.367311 #58394]  INFO -- : 0:  jbuilder (1.5.3) from /Users/mluukkai/.rbenv/versions/2.0.0-p247/lib/ruby/gems/2.0.0/specifications/jbuilder-1.5.3.gemspec
I, [2014-01-08T16:23:32.367537 #58394]  INFO -- : 0:  jquery-rails (3.0.4) from /Users/mluukkai/.rbenv/versions/2.0.0-p247/lib/ruby/gems/2.0.0/specifications/jquery-rails-3.0.4.gemspec
I, [2014-01-08T16:23:32.367775 #58394]  INFO -- : 0:  json (1.8.1) from /Users/mluukkai/.rbenv/versions/2.0.0-p247/lib/ruby/gems/2.0.0/specifications/json-1.8.1.gemspec
I, [2014-01-08T16:23:32.368002 #58394]  INFO -- : 0:  tilt (1.4.1) from /Users/mluukkai/.rbenv/versions/2.0.0-p247/lib/ruby/gems/2.0.0/specifications/tilt-1.4.1.gemspec
I, [2014-01-08T16:23:32.368234 #58394]  INFO -- : 0:  sprockets (2.10.1) from /Users/mluukkai/.rbenv/versions/2.0.0-p247/lib/ruby/gems/2.0.0/specifications/sprockets-2.10.1.gemspec
I, [2014-01-08T16:23:32.368460 #58394]  INFO -- : 0:  sprockets-rails (2.0.1) from /Users/mluukkai/.rbenv/versions/2.0.0-p247/lib/ruby/gems/2.0.0/specifications/sprockets-rails-2.0.1.gemspec
I, [2014-01-08T16:23:32.368705 #58394]  INFO -- : 0:  rails (4.0.2) from /Users/mluukkai/.rbenv/versions/2.0.0-p247/lib/ruby/gems/2.0.0/specifications/rails-4.0.2.gemspec
I, [2014-01-08T16:23:32.368939 #58394]  INFO -- : 0:  rdoc (3.12.2) from /Users/mluukkai/.rbenv/versions/2.0.0-p247/lib/ruby/gems/2.0.0/specifications/rdoc-3.12.2.gemspec
I, [2014-01-08T16:23:32.369165 #58394]  INFO -- : 0:  sass (3.2.13) from /Users/mluukkai/.rbenv/versions/2.0.0-p247/lib/ruby/gems/2.0.0/specifications/sass-3.2.13.gemspec
I, [2014-01-08T16:23:32.369404 #58394]  INFO -- : 0:  sass-rails (4.0.1) from /Users/mluukkai/.rbenv/versions/2.0.0-p247/lib/ruby/gems/2.0.0/specifications/sass-rails-4.0.1.gemspec
I, [2014-01-08T16:23:32.369633 #58394]  INFO -- : 0:  sdoc (0.3.20) from /Users/mluukkai/.rbenv/versions/2.0.0-p247/lib/ruby/gems/2.0.0/specifications/sdoc-0.3.20.gemspec
I, [2014-01-08T16:23:32.369862 #58394]  INFO -- : 0:  sqlite3 (1.3.8) from /Users/mluukkai/.rbenv/versions/2.0.0-p247/lib/ruby/gems/2.0.0/specifications/sqlite3-1.3.8.gemspec
I, [2014-01-08T16:23:32.370092 #58394]  INFO -- : 0:  turbolinks (2.1.0) from /Users/mluukkai/.rbenv/versions/2.0.0-p247/lib/ruby/gems/2.0.0/specifications/turbolinks-2.1.0.gemspec
I, [2014-01-08T16:23:32.370344 #58394]  INFO -- : 0:  uglifier (2.4.0) from /Users/mluukkai/.rbenv/versions/2.0.0-p247/lib/ruby/gems/2.0.0/specifications/uglifier-2.4.0.gemspec
I, [2014-01-16T15:13:57.875047 #87719]  INFO -- : 0:  rake (10.1.1) from /Users/mluukkai/.rbenv/versions/2.0.0-p247/lib/ruby/gems/2.0.0/specifications/rake-10.1.1.gemspec
I, [2014-01-16T15:13:57.875943 #87719]  INFO -- : 0:  i18n (0.6.9) from /Users/mluukkai/.rbenv/versions/2.0.0-p247/lib/ruby/gems/2.0.0/specifications/i18n-0.6.9.gemspec
I, [2014-01-16T15:13:57.876232 #87719]  INFO -- : 0:  minitest (4.7.5) from /Users/mluukkai/.rbenv/versions/2.0.0-p247/lib/ruby/gems/2.0.0/specifications/minitest-4.7.5.gemspec
I, [2014-01-16T15:13:57.876545 #87719]  INFO -- : 0:  multi_json (1.8.2) from /Users/mluukkai/.rbenv/versions/2.0.0-p247/lib/ruby/gems/2.0.0/specifications/multi_json-1.8.2.gemspec
I, [2014-01-16T15:13:57.876806 #87719]  INFO -- : 0:  atomic (1.1.14) from /Users/mluukkai/.rbenv/versions/2.0.0-p247/lib/ruby/gems/2.0.0/specifications/atomic-1.1.14.gemspec
I, [2014-01-16T15:13:57.877067 #87719]  INFO -- : 0:  thread_safe (0.1.3) from /Users/mluukkai/.rbenv/versions/2.0.0-p247/lib/ruby/gems/2.0.0/specifications/thread_safe-0.1.3.gemspec
I, [2014-01-16T15:13:57.877486 #87719]  INFO -- : 0:  tzinfo (0.3.38) from /Users/mluukkai/.rbenv/versions/2.0.0-p247/lib/ruby/gems/2.0.0/specifications/tzinfo-0.3.38.gemspec
I, [2014-01-16T15:13:57.877757 #87719]  INFO -- : 0:  activesupport (4.0.2) from /Users/mluukkai/.rbenv/versions/2.0.0-p247/lib/ruby/gems/2.0.0/specifications/activesupport-4.0.2.gemspec
I, [2014-01-16T15:13:57.878010 #87719]  INFO -- : 0:  builder (3.1.4) from /Users/mluukkai/.rbenv/versions/2.0.0-p247/lib/ruby/gems/2.0.0/specifications/builder-3.1.4.gemspec
I, [2014-01-16T15:13:57.878260 #87719]  INFO -- : 0:  erubis (2.7.0) from /Users/mluukkai/.rbenv/versions/2.0.0-p247/lib/ruby/gems/2.0.0/specifications/erubis-2.7.0.gemspec
I, [2014-01-16T15:13:57.878511 #87719]  INFO -- : 0:  rack (1.5.2) from /Users/mluukkai/.rbenv/versions/2.0.0-p247/lib/ruby/gems/2.0.0/specifications/rack-1.5.2.gemspec
I, [2014-01-16T15:13:57.878843 #87719]  INFO -- : 0:  rack-test (0.6.2) from /Users/mluukkai/.rbenv/versions/2.0.0-p247/lib/ruby/gems/2.0.0/specifications/rack-test-0.6.2.gemspec
I, [2014-01-16T15:13:57.879103 #87719]  INFO -- : 0:  actionpack (4.0.2) from /Users/mluukkai/.rbenv/versions/2.0.0-p247/lib/ruby/gems/2.0.0/specifications/actionpack-4.0.2.gemspec
I, [2014-01-16T15:13:57.879357 #87719]  INFO -- : 0:  mime-types (1.25.1) from /Users/mluukkai/.rbenv/versions/2.0.0-p247/lib/ruby/gems/2.0.0/specifications/mime-types-1.25.1.gemspec
I, [2014-01-16T15:13:57.879613 #87719]  INFO -- : 0:  polyglot (0.3.3) from /Users/mluukkai/.rbenv/versions/2.0.0-p247/lib/ruby/gems/2.0.0/specifications/polyglot-0.3.3.gemspec
I, [2014-01-16T15:13:57.879861 #87719]  INFO -- : 0:  treetop (1.4.15) from /Users/mluukkai/.rbenv/versions/2.0.0-p247/lib/ruby/gems/2.0.0/specifications/treetop-1.4.15.gemspec
I, [2014-01-16T15:13:57.880105 #87719]  INFO -- : 0:  mail (2.5.4) from /Users/mluukkai/.rbenv/versions/2.0.0-p247/lib/ruby/gems/2.0.0/specifications/mail-2.5.4.gemspec
I, [2014-01-16T15:13:57.880350 #87719]  INFO -- : 0:  actionmailer (4.0.2) from /Users/mluukkai/.rbenv/versions/2.0.0-p247/lib/ruby/gems/2.0.0/specifications/actionmailer-4.0.2.gemspec
I, [2014-01-16T15:13:57.880595 #87719]  INFO -- : 0:  activemodel (4.0.2) from /Users/mluukkai/.rbenv/versions/2.0.0-p247/lib/ruby/gems/2.0.0/specifications/activemodel-4.0.2.gemspec
I, [2014-01-16T15:13:57.880848 #87719]  INFO -- : 0:  activerecord-deprecated_finders (1.0.3) from /Users/mluukkai/.rbenv/versions/2.0.0-p247/lib/ruby/gems/2.0.0/specifications/activerecord-deprecated_finders-1.0.3.gemspec
I, [2014-01-16T15:13:57.881096 #87719]  INFO -- : 0:  arel (4.0.1) from /Users/mluukkai/.rbenv/versions/2.0.0-p247/lib/ruby/gems/2.0.0/specifications/arel-4.0.1.gemspec
I, [2014-01-16T15:13:57.881343 #87719]  INFO -- : 0:  activerecord (4.0.2) from /Users/mluukkai/.rbenv/versions/2.0.0-p247/lib/ruby/gems/2.0.0/specifications/activerecord-4.0.2.gemspec
I, [2014-01-16T15:13:57.881564 #87719]  INFO -- : 0:  bundler (1.5.1) from /Users/mluukkai/.rbenv/versions/2.0.0-p247/lib/ruby/gems/2.0.0/specifications/bundler-1.5.1.gemspec
I, [2014-01-16T15:13:57.881811 #87719]  INFO -- : 0:  coffee-script-source (1.6.3) from /Users/mluukkai/.rbenv/versions/2.0.0-p247/lib/ruby/gems/2.0.0/specifications/coffee-script-source-1.6.3.gemspec
I, [2014-01-16T15:13:57.882060 #87719]  INFO -- : 0:  execjs (2.0.2) from /Users/mluukkai/.rbenv/versions/2.0.0-p247/lib/ruby/gems/2.0.0/specifications/execjs-2.0.2.gemspec
I, [2014-01-16T15:13:57.882303 #87719]  INFO -- : 0:  coffee-script (2.2.0) from /Users/mluukkai/.rbenv/versions/2.0.0-p247/lib/ruby/gems/2.0.0/specifications/coffee-script-2.2.0.gemspec
I, [2014-01-16T15:13:57.882549 #87719]  INFO -- : 0:  thor (0.18.1) from /Users/mluukkai/.rbenv/versions/2.0.0-p247/lib/ruby/gems/2.0.0/specifications/thor-0.18.1.gemspec
I, [2014-01-16T15:13:57.882795 #87719]  INFO -- : 0:  railties (4.0.2) from /Users/mluukkai/.rbenv/versions/2.0.0-p247/lib/ruby/gems/2.0.0/specifications/railties-4.0.2.gemspec
I, [2014-01-16T15:13:57.883076 #87719]  INFO -- : 0:  coffee-rails (4.0.1) from /Users/mluukkai/.rbenv/versions/2.0.0-p247/lib/ruby/gems/2.0.0/specifications/coffee-rails-4.0.1.gemspec
I, [2014-01-16T15:13:57.883346 #87719]  INFO -- : 0:  columnize (0.3.6) from /Users/mluukkai/.rbenv/versions/2.0.0-p247/lib/ruby/gems/2.0.0/specifications/columnize-0.3.6.gemspec
I, [2014-01-16T15:13:57.883595 #87719]  INFO -- : 0:  debugger-linecache (1.2.0) from /Users/mluukkai/.rbenv/versions/2.0.0-p247/lib/ruby/gems/2.0.0/specifications/debugger-linecache-1.2.0.gemspec
I, [2014-01-16T15:13:57.883842 #87719]  INFO -- : 0:  debugger-ruby_core_source (1.3.1) from /Users/mluukkai/.rbenv/versions/2.0.0-p247/lib/ruby/gems/2.0.0/specifications/debugger-ruby_core_source-1.3.1.gemspec
I, [2014-01-16T15:13:57.884089 #87719]  INFO -- : 0:  debugger (1.6.5) from /Users/mluukkai/.rbenv/versions/2.0.0-p247/lib/ruby/gems/2.0.0/specifications/debugger-1.6.5.gemspec
I, [2014-01-16T15:13:57.884339 #87719]  INFO -- : 0:  hike (1.2.3) from /Users/mluukkai/.rbenv/versions/2.0.0-p247/lib/ruby/gems/2.0.0/specifications/hike-1.2.3.gemspec
I, [2014-01-16T15:13:57.884584 #87719]  INFO -- : 0:  jbuilder (1.5.3) from /Users/mluukkai/.rbenv/versions/2.0.0-p247/lib/ruby/gems/2.0.0/specifications/jbuilder-1.5.3.gemspec
I, [2014-01-16T15:13:57.884826 #87719]  INFO -- : 0:  jquery-rails (3.0.4) from /Users/mluukkai/.rbenv/versions/2.0.0-p247/lib/ruby/gems/2.0.0/specifications/jquery-rails-3.0.4.gemspec
I, [2014-01-16T15:13:57.885071 #87719]  INFO -- : 0:  json (1.8.1) from /Users/mluukkai/.rbenv/versions/2.0.0-p247/lib/ruby/gems/2.0.0/specifications/json-1.8.1.gemspec
I, [2014-01-16T15:13:57.885316 #87719]  INFO -- : 0:  pg (0.17.1) from /Users/mluukkai/.rbenv/versions/2.0.0-p247/lib/ruby/gems/2.0.0/specifications/pg-0.17.1.gemspec
I, [2014-01-16T15:13:57.885572 #87719]  INFO -- : 0:  tilt (1.4.1) from /Users/mluukkai/.rbenv/versions/2.0.0-p247/lib/ruby/gems/2.0.0/specifications/tilt-1.4.1.gemspec
I, [2014-01-16T15:13:57.885822 #87719]  INFO -- : 0:  sprockets (2.10.1) from /Users/mluukkai/.rbenv/versions/2.0.0-p247/lib/ruby/gems/2.0.0/specifications/sprockets-2.10.1.gemspec
I, [2014-01-16T15:13:57.886067 #87719]  INFO -- : 0:  sprockets-rails (2.0.1) from /Users/mluukkai/.rbenv/versions/2.0.0-p247/lib/ruby/gems/2.0.0/specifications/sprockets-rails-2.0.1.gemspec
I, [2014-01-16T15:13:57.886314 #87719]  INFO -- : 0:  rails (4.0.2) from /Users/mluukkai/.rbenv/versions/2.0.0-p247/lib/ruby/gems/2.0.0/specifications/rails-4.0.2.gemspec
I, [2014-01-16T15:13:57.886562 #87719]  INFO -- : 0:  rails_serve_static_assets (0.0.2) from /Users/mluukkai/.rbenv/versions/2.0.0-p247/lib/ruby/gems/2.0.0/specifications/rails_serve_static_assets-0.0.2.gemspec
I, [2014-01-16T15:13:57.886807 #87719]  INFO -- : 0:  rails_stdout_logging (0.0.3) from /Users/mluukkai/.rbenv/versions/2.0.0-p247/lib/ruby/gems/2.0.0/specifications/rails_stdout_logging-0.0.3.gemspec
I, [2014-01-16T15:13:57.887051 #87719]  INFO -- : 0:  rails_12factor (0.0.2) from /Users/mluukkai/.rbenv/versions/2.0.0-p247/lib/ruby/gems/2.0.0/specifications/rails_12factor-0.0.2.gemspec
I, [2014-01-16T15:13:57.887300 #87719]  INFO -- : 0:  rdoc (3.12.2) from /Users/mluukkai/.rbenv/versions/2.0.0-p247/lib/ruby/gems/2.0.0/specifications/rdoc-3.12.2.gemspec
I, [2014-01-16T15:13:57.887543 #87719]  INFO -- : 0:  sass (3.2.13) from /Users/mluukkai/.rbenv/versions/2.0.0-p247/lib/ruby/gems/2.0.0/specifications/sass-3.2.13.gemspec
I, [2014-01-16T15:13:57.887789 #87719]  INFO -- : 0:  sass-rails (4.0.1) from /Users/mluukkai/.rbenv/versions/2.0.0-p247/lib/ruby/gems/2.0.0/specifications/sass-rails-4.0.1.gemspec
I, [2014-01-16T15:13:57.888035 #87719]  INFO -- : 0:  sdoc (0.3.20) from /Users/mluukkai/.rbenv/versions/2.0.0-p247/lib/ruby/gems/2.0.0/specifications/sdoc-0.3.20.gemspec
I, [2014-01-16T15:13:57.888281 #87719]  INFO -- : 0:  sqlite3 (1.3.8) from /Users/mluukkai/.rbenv/versions/2.0.0-p247/lib/ruby/gems/2.0.0/specifications/sqlite3-1.3.8.gemspec
I, [2014-01-16T15:13:57.888532 #87719]  INFO -- : 0:  turbolinks (2.1.0) from /Users/mluukkai/.rbenv/versions/2.0.0-p247/lib/ruby/gems/2.0.0/specifications/turbolinks-2.1.0.gemspec
I, [2014-01-16T15:13:57.888800 #87719]  INFO -- : 0:  uglifier (2.4.0) from /Users/mluukkai/.rbenv/versions/2.0.0-p247/lib/ruby/gems/2.0.0/specifications/uglifier-2.4.0.gemspec
I, [2014-01-20T12:06:45.356811 #97014]  INFO -- : 0:  rake (10.1.1) from /Users/mluukkai/.rbenv/versions/2.0.0-p247/lib/ruby/gems/2.0.0/specifications/rake-10.1.1.gemspec
I, [2014-01-20T12:06:45.364264 #97014]  INFO -- : 0:  i18n (0.6.9) from /Users/mluukkai/.rbenv/versions/2.0.0-p247/lib/ruby/gems/2.0.0/specifications/i18n-0.6.9.gemspec
I, [2014-01-20T12:06:45.364690 #97014]  INFO -- : 0:  minitest (4.7.5) from /Users/mluukkai/.rbenv/versions/2.0.0-p247/lib/ruby/gems/2.0.0/specifications/minitest-4.7.5.gemspec
I, [2014-01-20T12:06:45.365068 #97014]  INFO -- : 0:  multi_json (1.8.2) from /Users/mluukkai/.rbenv/versions/2.0.0-p247/lib/ruby/gems/2.0.0/specifications/multi_json-1.8.2.gemspec
I, [2014-01-20T12:06:45.365430 #97014]  INFO -- : 0:  atomic (1.1.14) from /Users/mluukkai/.rbenv/versions/2.0.0-p247/lib/ruby/gems/2.0.0/specifications/atomic-1.1.14.gemspec
I, [2014-01-20T12:06:45.365798 #97014]  INFO -- : 0:  thread_safe (0.1.3) from /Users/mluukkai/.rbenv/versions/2.0.0-p247/lib/ruby/gems/2.0.0/specifications/thread_safe-0.1.3.gemspec
I, [2014-01-20T12:06:45.366156 #97014]  INFO -- : 0:  tzinfo (0.3.38) from /Users/mluukkai/.rbenv/versions/2.0.0-p247/lib/ruby/gems/2.0.0/specifications/tzinfo-0.3.38.gemspec
I, [2014-01-20T12:06:45.366479 #97014]  INFO -- : 0:  activesupport (4.0.2) from /Users/mluukkai/.rbenv/versions/2.0.0-p247/lib/ruby/gems/2.0.0/specifications/activesupport-4.0.2.gemspec
I, [2014-01-20T12:06:45.366823 #97014]  INFO -- : 0:  builder (3.1.4) from /Users/mluukkai/.rbenv/versions/2.0.0-p247/lib/ruby/gems/2.0.0/specifications/builder-3.1.4.gemspec
I, [2014-01-20T12:06:45.367152 #97014]  INFO -- : 0:  erubis (2.7.0) from /Users/mluukkai/.rbenv/versions/2.0.0-p247/lib/ruby/gems/2.0.0/specifications/erubis-2.7.0.gemspec
I, [2014-01-20T12:06:45.367528 #97014]  INFO -- : 0:  rack (1.5.2) from /Users/mluukkai/.rbenv/versions/2.0.0-p247/lib/ruby/gems/2.0.0/specifications/rack-1.5.2.gemspec
I, [2014-01-20T12:06:45.367833 #97014]  INFO -- : 0:  rack-test (0.6.2) from /Users/mluukkai/.rbenv/versions/2.0.0-p247/lib/ruby/gems/2.0.0/specifications/rack-test-0.6.2.gemspec
I, [2014-01-20T12:06:45.368137 #97014]  INFO -- : 0:  actionpack (4.0.2) from /Users/mluukkai/.rbenv/versions/2.0.0-p247/lib/ruby/gems/2.0.0/specifications/actionpack-4.0.2.gemspec
I, [2014-01-20T12:06:45.368428 #97014]  INFO -- : 0:  mime-types (1.25.1) from /Users/mluukkai/.rbenv/versions/2.0.0-p247/lib/ruby/gems/2.0.0/specifications/mime-types-1.25.1.gemspec
I, [2014-01-20T12:06:45.368723 #97014]  INFO -- : 0:  polyglot (0.3.3) from /Users/mluukkai/.rbenv/versions/2.0.0-p247/lib/ruby/gems/2.0.0/specifications/polyglot-0.3.3.gemspec
I, [2014-01-20T12:06:45.368991 #97014]  INFO -- : 0:  treetop (1.4.15) from /Users/mluukkai/.rbenv/versions/2.0.0-p247/lib/ruby/gems/2.0.0/specifications/treetop-1.4.15.gemspec
I, [2014-01-20T12:06:45.369264 #97014]  INFO -- : 0:  mail (2.5.4) from /Users/mluukkai/.rbenv/versions/2.0.0-p247/lib/ruby/gems/2.0.0/specifications/mail-2.5.4.gemspec
I, [2014-01-20T12:06:45.369564 #97014]  INFO -- : 0:  actionmailer (4.0.2) from /Users/mluukkai/.rbenv/versions/2.0.0-p247/lib/ruby/gems/2.0.0/specifications/actionmailer-4.0.2.gemspec
I, [2014-01-20T12:06:45.369864 #97014]  INFO -- : 0:  activemodel (4.0.2) from /Users/mluukkai/.rbenv/versions/2.0.0-p247/lib/ruby/gems/2.0.0/specifications/activemodel-4.0.2.gemspec
I, [2014-01-20T12:06:45.370163 #97014]  INFO -- : 0:  activerecord-deprecated_finders (1.0.3) from /Users/mluukkai/.rbenv/versions/2.0.0-p247/lib/ruby/gems/2.0.0/specifications/activerecord-deprecated_finders-1.0.3.gemspec
I, [2014-01-20T12:06:45.370465 #97014]  INFO -- : 0:  arel (4.0.1) from /Users/mluukkai/.rbenv/versions/2.0.0-p247/lib/ruby/gems/2.0.0/specifications/arel-4.0.1.gemspec
I, [2014-01-20T12:06:45.370748 #97014]  INFO -- : 0:  activerecord (4.0.2) from /Users/mluukkai/.rbenv/versions/2.0.0-p247/lib/ruby/gems/2.0.0/specifications/activerecord-4.0.2.gemspec
I, [2014-01-20T12:06:45.371036 #97014]  INFO -- : 0:  bundler (1.5.1) from /Users/mluukkai/.rbenv/versions/2.0.0-p247/lib/ruby/gems/2.0.0/specifications/bundler-1.5.1.gemspec
I, [2014-01-20T12:06:45.371300 #97014]  INFO -- : 0:  columnize (0.3.6) from /Users/mluukkai/.rbenv/versions/2.0.0-p247/lib/ruby/gems/2.0.0/specifications/columnize-0.3.6.gemspec
I, [2014-01-20T12:06:45.371616 #97014]  INFO -- : 0:  debugger-linecache (1.2.0) from /Users/mluukkai/.rbenv/versions/2.0.0-p247/lib/ruby/gems/2.0.0/specifications/debugger-linecache-1.2.0.gemspec
I, [2014-01-20T12:06:47.767127 #97014]  INFO -- : 0:  byebug (2.5.0) from /Users/mluukkai/.rbenv/versions/2.0.0-p247/lib/ruby/gems/2.0.0/specifications/byebug-2.5.0.gemspec
I, [2014-01-20T12:06:47.767858 #97014]  INFO -- : 0:  coffee-script-source (1.6.3) from /Users/mluukkai/.rbenv/versions/2.0.0-p247/lib/ruby/gems/2.0.0/specifications/coffee-script-source-1.6.3.gemspec
I, [2014-01-20T12:06:47.768309 #97014]  INFO -- : 0:  execjs (2.0.2) from /Users/mluukkai/.rbenv/versions/2.0.0-p247/lib/ruby/gems/2.0.0/specifications/execjs-2.0.2.gemspec
I, [2014-01-20T12:06:47.768715 #97014]  INFO -- : 0:  coffee-script (2.2.0) from /Users/mluukkai/.rbenv/versions/2.0.0-p247/lib/ruby/gems/2.0.0/specifications/coffee-script-2.2.0.gemspec
I, [2014-01-20T12:06:47.769150 #97014]  INFO -- : 0:  thor (0.18.1) from /Users/mluukkai/.rbenv/versions/2.0.0-p247/lib/ruby/gems/2.0.0/specifications/thor-0.18.1.gemspec
I, [2014-01-20T12:06:47.769539 #97014]  INFO -- : 0:  railties (4.0.2) from /Users/mluukkai/.rbenv/versions/2.0.0-p247/lib/ruby/gems/2.0.0/specifications/railties-4.0.2.gemspec
I, [2014-01-20T12:06:47.769939 #97014]  INFO -- : 0:  coffee-rails (4.0.1) from /Users/mluukkai/.rbenv/versions/2.0.0-p247/lib/ruby/gems/2.0.0/specifications/coffee-rails-4.0.1.gemspec
I, [2014-01-20T12:06:47.770318 #97014]  INFO -- : 0:  debugger-ruby_core_source (1.3.1) from /Users/mluukkai/.rbenv/versions/2.0.0-p247/lib/ruby/gems/2.0.0/specifications/debugger-ruby_core_source-1.3.1.gemspec
I, [2014-01-20T12:06:47.770688 #97014]  INFO -- : 0:  debugger (1.6.5) from /Users/mluukkai/.rbenv/versions/2.0.0-p247/lib/ruby/gems/2.0.0/specifications/debugger-1.6.5.gemspec
I, [2014-01-20T12:06:47.771060 #97014]  INFO -- : 0:  hike (1.2.3) from /Users/mluukkai/.rbenv/versions/2.0.0-p247/lib/ruby/gems/2.0.0/specifications/hike-1.2.3.gemspec
I, [2014-01-20T12:06:47.771427 #97014]  INFO -- : 0:  jbuilder (1.5.3) from /Users/mluukkai/.rbenv/versions/2.0.0-p247/lib/ruby/gems/2.0.0/specifications/jbuilder-1.5.3.gemspec
I, [2014-01-20T12:06:47.771817 #97014]  INFO -- : 0:  jquery-rails (3.0.4) from /Users/mluukkai/.rbenv/versions/2.0.0-p247/lib/ruby/gems/2.0.0/specifications/jquery-rails-3.0.4.gemspec
I, [2014-01-20T12:06:47.772197 #97014]  INFO -- : 0:  json (1.8.1) from /Users/mluukkai/.rbenv/versions/2.0.0-p247/lib/ruby/gems/2.0.0/specifications/json-1.8.1.gemspec
I, [2014-01-20T12:06:47.772563 #97014]  INFO -- : 0:  pg (0.17.1) from /Users/mluukkai/.rbenv/versions/2.0.0-p247/lib/ruby/gems/2.0.0/specifications/pg-0.17.1.gemspec
I, [2014-01-20T12:06:47.772947 #97014]  INFO -- : 0:  tilt (1.4.1) from /Users/mluukkai/.rbenv/versions/2.0.0-p247/lib/ruby/gems/2.0.0/specifications/tilt-1.4.1.gemspec
I, [2014-01-20T12:06:47.773310 #97014]  INFO -- : 0:  sprockets (2.10.1) from /Users/mluukkai/.rbenv/versions/2.0.0-p247/lib/ruby/gems/2.0.0/specifications/sprockets-2.10.1.gemspec
I, [2014-01-20T12:06:47.773680 #97014]  INFO -- : 0:  sprockets-rails (2.0.1) from /Users/mluukkai/.rbenv/versions/2.0.0-p247/lib/ruby/gems/2.0.0/specifications/sprockets-rails-2.0.1.gemspec
I, [2014-01-20T12:06:47.774063 #97014]  INFO -- : 0:  rails (4.0.2) from /Users/mluukkai/.rbenv/versions/2.0.0-p247/lib/ruby/gems/2.0.0/specifications/rails-4.0.2.gemspec
I, [2014-01-20T12:06:47.774531 #97014]  INFO -- : 0:  rails_serve_static_assets (0.0.2) from /Users/mluukkai/.rbenv/versions/2.0.0-p247/lib/ruby/gems/2.0.0/specifications/rails_serve_static_assets-0.0.2.gemspec
I, [2014-01-20T12:06:47.774914 #97014]  INFO -- : 0:  rails_stdout_logging (0.0.3) from /Users/mluukkai/.rbenv/versions/2.0.0-p247/lib/ruby/gems/2.0.0/specifications/rails_stdout_logging-0.0.3.gemspec
I, [2014-01-20T12:06:47.775301 #97014]  INFO -- : 0:  rails_12factor (0.0.2) from /Users/mluukkai/.rbenv/versions/2.0.0-p247/lib/ruby/gems/2.0.0/specifications/rails_12factor-0.0.2.gemspec
I, [2014-01-20T12:06:47.775826 #97014]  INFO -- : 0:  rdoc (3.12.2) from /Users/mluukkai/.rbenv/versions/2.0.0-p247/lib/ruby/gems/2.0.0/specifications/rdoc-3.12.2.gemspec
I, [2014-01-20T12:06:47.776301 #97014]  INFO -- : 0:  sass (3.2.13) from /Users/mluukkai/.rbenv/versions/2.0.0-p247/lib/ruby/gems/2.0.0/specifications/sass-3.2.13.gemspec
I, [2014-01-20T12:06:47.776753 #97014]  INFO -- : 0:  sass-rails (4.0.1) from /Users/mluukkai/.rbenv/versions/2.0.0-p247/lib/ruby/gems/2.0.0/specifications/sass-rails-4.0.1.gemspec
I, [2014-01-20T12:06:47.777281 #97014]  INFO -- : 0:  sdoc (0.3.20) from /Users/mluukkai/.rbenv/versions/2.0.0-p247/lib/ruby/gems/2.0.0/specifications/sdoc-0.3.20.gemspec
I, [2014-01-20T12:06:47.777720 #97014]  INFO -- : 0:  sqlite3 (1.3.8) from /Users/mluukkai/.rbenv/versions/2.0.0-p247/lib/ruby/gems/2.0.0/specifications/sqlite3-1.3.8.gemspec
I, [2014-01-20T12:06:47.778157 #97014]  INFO -- : 0:  turbolinks (2.1.0) from /Users/mluukkai/.rbenv/versions/2.0.0-p247/lib/ruby/gems/2.0.0/specifications/turbolinks-2.1.0.gemspec
I, [2014-01-20T12:06:47.778581 #97014]  INFO -- : 0:  uglifier (2.4.0) from /Users/mluukkai/.rbenv/versions/2.0.0-p247/lib/ruby/gems/2.0.0/specifications/uglifier-2.4.0.gemspec
I, [2014-01-20T12:07:41.073249 #97158]  INFO -- : 0:  rake (10.1.1) from /Users/mluukkai/.rbenv/versions/2.0.0-p247/lib/ruby/gems/2.0.0/specifications/rake-10.1.1.gemspec
I, [2014-01-20T12:07:41.073675 #97158]  INFO -- : 0:  i18n (0.6.9) from /Users/mluukkai/.rbenv/versions/2.0.0-p247/lib/ruby/gems/2.0.0/specifications/i18n-0.6.9.gemspec
I, [2014-01-20T12:07:41.074028 #97158]  INFO -- : 0:  minitest (4.7.5) from /Users/mluukkai/.rbenv/versions/2.0.0-p247/lib/ruby/gems/2.0.0/specifications/minitest-4.7.5.gemspec
I, [2014-01-20T12:07:41.074354 #97158]  INFO -- : 0:  multi_json (1.8.2) from /Users/mluukkai/.rbenv/versions/2.0.0-p247/lib/ruby/gems/2.0.0/specifications/multi_json-1.8.2.gemspec
I, [2014-01-20T12:07:41.074661 #97158]  INFO -- : 0:  atomic (1.1.14) from /Users/mluukkai/.rbenv/versions/2.0.0-p247/lib/ruby/gems/2.0.0/specifications/atomic-1.1.14.gemspec
I, [2014-01-20T12:07:41.074982 #97158]  INFO -- : 0:  thread_safe (0.1.3) from /Users/mluukkai/.rbenv/versions/2.0.0-p247/lib/ruby/gems/2.0.0/specifications/thread_safe-0.1.3.gemspec
I, [2014-01-20T12:07:41.075283 #97158]  INFO -- : 0:  tzinfo (0.3.38) from /Users/mluukkai/.rbenv/versions/2.0.0-p247/lib/ruby/gems/2.0.0/specifications/tzinfo-0.3.38.gemspec
I, [2014-01-20T12:07:41.075587 #97158]  INFO -- : 0:  activesupport (4.0.2) from /Users/mluukkai/.rbenv/versions/2.0.0-p247/lib/ruby/gems/2.0.0/specifications/activesupport-4.0.2.gemspec
I, [2014-01-20T12:07:41.075886 #97158]  INFO -- : 0:  builder (3.1.4) from /Users/mluukkai/.rbenv/versions/2.0.0-p247/lib/ruby/gems/2.0.0/specifications/builder-3.1.4.gemspec
I, [2014-01-20T12:07:41.076169 #97158]  INFO -- : 0:  erubis (2.7.0) from /Users/mluukkai/.rbenv/versions/2.0.0-p247/lib/ruby/gems/2.0.0/specifications/erubis-2.7.0.gemspec
I, [2014-01-20T12:07:41.076471 #97158]  INFO -- : 0:  rack (1.5.2) from /Users/mluukkai/.rbenv/versions/2.0.0-p247/lib/ruby/gems/2.0.0/specifications/rack-1.5.2.gemspec
I, [2014-01-20T12:07:41.076768 #97158]  INFO -- : 0:  rack-test (0.6.2) from /Users/mluukkai/.rbenv/versions/2.0.0-p247/lib/ruby/gems/2.0.0/specifications/rack-test-0.6.2.gemspec
I, [2014-01-20T12:07:41.077066 #97158]  INFO -- : 0:  actionpack (4.0.2) from /Users/mluukkai/.rbenv/versions/2.0.0-p247/lib/ruby/gems/2.0.0/specifications/actionpack-4.0.2.gemspec
I, [2014-01-20T12:07:41.077364 #97158]  INFO -- : 0:  mime-types (1.25.1) from /Users/mluukkai/.rbenv/versions/2.0.0-p247/lib/ruby/gems/2.0.0/specifications/mime-types-1.25.1.gemspec
I, [2014-01-20T12:07:41.077661 #97158]  INFO -- : 0:  polyglot (0.3.3) from /Users/mluukkai/.rbenv/versions/2.0.0-p247/lib/ruby/gems/2.0.0/specifications/polyglot-0.3.3.gemspec
I, [2014-01-20T12:07:41.077971 #97158]  INFO -- : 0:  treetop (1.4.15) from /Users/mluukkai/.rbenv/versions/2.0.0-p247/lib/ruby/gems/2.0.0/specifications/treetop-1.4.15.gemspec
I, [2014-01-20T12:07:41.078250 #97158]  INFO -- : 0:  mail (2.5.4) from /Users/mluukkai/.rbenv/versions/2.0.0-p247/lib/ruby/gems/2.0.0/specifications/mail-2.5.4.gemspec
I, [2014-01-20T12:07:41.078544 #97158]  INFO -- : 0:  actionmailer (4.0.2) from /Users/mluukkai/.rbenv/versions/2.0.0-p247/lib/ruby/gems/2.0.0/specifications/actionmailer-4.0.2.gemspec
I, [2014-01-20T12:07:41.078866 #97158]  INFO -- : 0:  activemodel (4.0.2) from /Users/mluukkai/.rbenv/versions/2.0.0-p247/lib/ruby/gems/2.0.0/specifications/activemodel-4.0.2.gemspec
I, [2014-01-20T12:07:41.079168 #97158]  INFO -- : 0:  activerecord-deprecated_finders (1.0.3) from /Users/mluukkai/.rbenv/versions/2.0.0-p247/lib/ruby/gems/2.0.0/specifications/activerecord-deprecated_finders-1.0.3.gemspec
I, [2014-01-20T12:07:41.079464 #97158]  INFO -- : 0:  arel (4.0.1) from /Users/mluukkai/.rbenv/versions/2.0.0-p247/lib/ruby/gems/2.0.0/specifications/arel-4.0.1.gemspec
I, [2014-01-20T12:07:41.079778 #97158]  INFO -- : 0:  activerecord (4.0.2) from /Users/mluukkai/.rbenv/versions/2.0.0-p247/lib/ruby/gems/2.0.0/specifications/activerecord-4.0.2.gemspec
I, [2014-01-20T12:07:41.080073 #97158]  INFO -- : 0:  columnize (0.3.6) from /Users/mluukkai/.rbenv/versions/2.0.0-p247/lib/ruby/gems/2.0.0/specifications/columnize-0.3.6.gemspec
I, [2014-01-20T12:07:41.080357 #97158]  INFO -- : 0:  debugger-linecache (1.2.0) from /Users/mluukkai/.rbenv/versions/2.0.0-p247/lib/ruby/gems/2.0.0/specifications/debugger-linecache-1.2.0.gemspec
I, [2014-01-20T12:07:41.080648 #97158]  INFO -- : 0:  byebug (2.5.0) from /Users/mluukkai/.rbenv/versions/2.0.0-p247/lib/ruby/gems/2.0.0/specifications/byebug-2.5.0.gemspec
I, [2014-01-20T12:07:41.080941 #97158]  INFO -- : 0:  coffee-script-source (1.6.3) from /Users/mluukkai/.rbenv/versions/2.0.0-p247/lib/ruby/gems/2.0.0/specifications/coffee-script-source-1.6.3.gemspec
I, [2014-01-20T12:07:41.081240 #97158]  INFO -- : 0:  execjs (2.0.2) from /Users/mluukkai/.rbenv/versions/2.0.0-p247/lib/ruby/gems/2.0.0/specifications/execjs-2.0.2.gemspec
I, [2014-01-20T12:07:41.081534 #97158]  INFO -- : 0:  coffee-script (2.2.0) from /Users/mluukkai/.rbenv/versions/2.0.0-p247/lib/ruby/gems/2.0.0/specifications/coffee-script-2.2.0.gemspec
I, [2014-01-20T12:07:41.081834 #97158]  INFO -- : 0:  thor (0.18.1) from /Users/mluukkai/.rbenv/versions/2.0.0-p247/lib/ruby/gems/2.0.0/specifications/thor-0.18.1.gemspec
I, [2014-01-20T12:07:41.082126 #97158]  INFO -- : 0:  railties (4.0.2) from /Users/mluukkai/.rbenv/versions/2.0.0-p247/lib/ruby/gems/2.0.0/specifications/railties-4.0.2.gemspec
I, [2014-01-20T12:07:41.082406 #97158]  INFO -- : 0:  coffee-rails (4.0.1) from /Users/mluukkai/.rbenv/versions/2.0.0-p247/lib/ruby/gems/2.0.0/specifications/coffee-rails-4.0.1.gemspec
I, [2014-01-20T12:07:41.082703 #97158]  INFO -- : 0:  debugger-ruby_core_source (1.3.1) from /Users/mluukkai/.rbenv/versions/2.0.0-p247/lib/ruby/gems/2.0.0/specifications/debugger-ruby_core_source-1.3.1.gemspec
I, [2014-01-20T12:07:41.082993 #97158]  INFO -- : 0:  debugger (1.6.5) from /Users/mluukkai/.rbenv/versions/2.0.0-p247/lib/ruby/gems/2.0.0/specifications/debugger-1.6.5.gemspec
I, [2014-01-20T12:07:41.083290 #97158]  INFO -- : 0:  hike (1.2.3) from /Users/mluukkai/.rbenv/versions/2.0.0-p247/lib/ruby/gems/2.0.0/specifications/hike-1.2.3.gemspec
I, [2014-01-20T12:07:41.083580 #97158]  INFO -- : 0:  jbuilder (1.5.3) from /Users/mluukkai/.rbenv/versions/2.0.0-p247/lib/ruby/gems/2.0.0/specifications/jbuilder-1.5.3.gemspec
I, [2014-01-20T12:07:41.083871 #97158]  INFO -- : 0:  jquery-rails (3.0.4) from /Users/mluukkai/.rbenv/versions/2.0.0-p247/lib/ruby/gems/2.0.0/specifications/jquery-rails-3.0.4.gemspec
I, [2014-01-20T12:07:41.084164 #97158]  INFO -- : 0:  json (1.8.1) from /Users/mluukkai/.rbenv/versions/2.0.0-p247/lib/ruby/gems/2.0.0/specifications/json-1.8.1.gemspec
I, [2014-01-20T12:07:41.084479 #97158]  INFO -- : 0:  pg (0.17.1) from /Users/mluukkai/.rbenv/versions/2.0.0-p247/lib/ruby/gems/2.0.0/specifications/pg-0.17.1.gemspec
I, [2014-01-20T12:07:41.084838 #97158]  INFO -- : 0:  bundler (1.5.1) from /Users/mluukkai/.rbenv/versions/2.0.0-p247/lib/ruby/gems/2.0.0/specifications/bundler-1.5.1.gemspec
I, [2014-01-20T12:07:41.085141 #97158]  INFO -- : 0:  tilt (1.4.1) from /Users/mluukkai/.rbenv/versions/2.0.0-p247/lib/ruby/gems/2.0.0/specifications/tilt-1.4.1.gemspec
I, [2014-01-20T12:07:41.085439 #97158]  INFO -- : 0:  sprockets (2.10.1) from /Users/mluukkai/.rbenv/versions/2.0.0-p247/lib/ruby/gems/2.0.0/specifications/sprockets-2.10.1.gemspec
I, [2014-01-20T12:07:41.085733 #97158]  INFO -- : 0:  sprockets-rails (2.0.1) from /Users/mluukkai/.rbenv/versions/2.0.0-p247/lib/ruby/gems/2.0.0/specifications/sprockets-rails-2.0.1.gemspec
I, [2014-01-20T12:07:41.086027 #97158]  INFO -- : 0:  rails (4.0.2) from /Users/mluukkai/.rbenv/versions/2.0.0-p247/lib/ruby/gems/2.0.0/specifications/rails-4.0.2.gemspec
I, [2014-01-20T12:07:41.086321 #97158]  INFO -- : 0:  rails_serve_static_assets (0.0.2) from /Users/mluukkai/.rbenv/versions/2.0.0-p247/lib/ruby/gems/2.0.0/specifications/rails_serve_static_assets-0.0.2.gemspec
I, [2014-01-20T12:07:41.086604 #97158]  INFO -- : 0:  rails_stdout_logging (0.0.3) from /Users/mluukkai/.rbenv/versions/2.0.0-p247/lib/ruby/gems/2.0.0/specifications/rails_stdout_logging-0.0.3.gemspec
I, [2014-01-20T12:07:41.086897 #97158]  INFO -- : 0:  rails_12factor (0.0.2) from /Users/mluukkai/.rbenv/versions/2.0.0-p247/lib/ruby/gems/2.0.0/specifications/rails_12factor-0.0.2.gemspec
I, [2014-01-20T12:07:41.087191 #97158]  INFO -- : 0:  rdoc (3.12.2) from /Users/mluukkai/.rbenv/versions/2.0.0-p247/lib/ruby/gems/2.0.0/specifications/rdoc-3.12.2.gemspec
I, [2014-01-20T12:07:41.087481 #97158]  INFO -- : 0:  sass (3.2.13) from /Users/mluukkai/.rbenv/versions/2.0.0-p247/lib/ruby/gems/2.0.0/specifications/sass-3.2.13.gemspec
I, [2014-01-20T12:07:41.087803 #97158]  INFO -- : 0:  sass-rails (4.0.1) from /Users/mluukkai/.rbenv/versions/2.0.0-p247/lib/ruby/gems/2.0.0/specifications/sass-rails-4.0.1.gemspec
I, [2014-01-20T12:07:41.088106 #97158]  INFO -- : 0:  sdoc (0.3.20) from /Users/mluukkai/.rbenv/versions/2.0.0-p247/lib/ruby/gems/2.0.0/specifications/sdoc-0.3.20.gemspec
I, [2014-01-20T12:07:41.088399 #97158]  INFO -- : 0:  sqlite3 (1.3.8) from /Users/mluukkai/.rbenv/versions/2.0.0-p247/lib/ruby/gems/2.0.0/specifications/sqlite3-1.3.8.gemspec
I, [2014-01-20T12:07:41.088683 #97158]  INFO -- : 0:  turbolinks (2.1.0) from /Users/mluukkai/.rbenv/versions/2.0.0-p247/lib/ruby/gems/2.0.0/specifications/turbolinks-2.1.0.gemspec
I, [2014-01-20T12:07:41.088997 #97158]  INFO -- : 0:  uglifier (2.4.0) from /Users/mluukkai/.rbenv/versions/2.0.0-p247/lib/ruby/gems/2.0.0/specifications/uglifier-2.4.0.gemspec
I, [2014-01-23T17:55:47.286860 #4736]  INFO -- : 0:  rake (10.1.1) from /Users/mluukkai/.rbenv/versions/2.0.0-p247/lib/ruby/gems/2.0.0/specifications/rake-10.1.1.gemspec
I, [2014-01-23T17:55:47.294240 #4736]  INFO -- : 0:  i18n (0.6.9) from /Users/mluukkai/.rbenv/versions/2.0.0-p247/lib/ruby/gems/2.0.0/specifications/i18n-0.6.9.gemspec
I, [2014-01-23T17:55:47.294650 #4736]  INFO -- : 0:  minitest (4.7.5) from /Users/mluukkai/.rbenv/versions/2.0.0-p247/lib/ruby/gems/2.0.0/specifications/minitest-4.7.5.gemspec
I, [2014-01-23T17:55:47.294998 #4736]  INFO -- : 0:  multi_json (1.8.2) from /Users/mluukkai/.rbenv/versions/2.0.0-p247/lib/ruby/gems/2.0.0/specifications/multi_json-1.8.2.gemspec
I, [2014-01-23T17:55:47.295335 #4736]  INFO -- : 0:  atomic (1.1.14) from /Users/mluukkai/.rbenv/versions/2.0.0-p247/lib/ruby/gems/2.0.0/specifications/atomic-1.1.14.gemspec
I, [2014-01-23T17:55:47.295671 #4736]  INFO -- : 0:  thread_safe (0.1.3) from /Users/mluukkai/.rbenv/versions/2.0.0-p247/lib/ruby/gems/2.0.0/specifications/thread_safe-0.1.3.gemspec
I, [2014-01-23T17:55:47.295992 #4736]  INFO -- : 0:  tzinfo (0.3.38) from /Users/mluukkai/.rbenv/versions/2.0.0-p247/lib/ruby/gems/2.0.0/specifications/tzinfo-0.3.38.gemspec
I, [2014-01-23T17:55:47.296300 #4736]  INFO -- : 0:  activesupport (4.0.2) from /Users/mluukkai/.rbenv/versions/2.0.0-p247/lib/ruby/gems/2.0.0/specifications/activesupport-4.0.2.gemspec
I, [2014-01-23T17:55:47.296581 #4736]  INFO -- : 0:  builder (3.1.4) from /Users/mluukkai/.rbenv/versions/2.0.0-p247/lib/ruby/gems/2.0.0/specifications/builder-3.1.4.gemspec
I, [2014-01-23T17:55:47.296860 #4736]  INFO -- : 0:  erubis (2.7.0) from /Users/mluukkai/.rbenv/versions/2.0.0-p247/lib/ruby/gems/2.0.0/specifications/erubis-2.7.0.gemspec
I, [2014-01-23T17:55:47.297142 #4736]  INFO -- : 0:  rack (1.5.2) from /Users/mluukkai/.rbenv/versions/2.0.0-p247/lib/ruby/gems/2.0.0/specifications/rack-1.5.2.gemspec
I, [2014-01-23T17:55:47.297418 #4736]  INFO -- : 0:  rack-test (0.6.2) from /Users/mluukkai/.rbenv/versions/2.0.0-p247/lib/ruby/gems/2.0.0/specifications/rack-test-0.6.2.gemspec
I, [2014-01-23T17:55:47.297699 #4736]  INFO -- : 0:  actionpack (4.0.2) from /Users/mluukkai/.rbenv/versions/2.0.0-p247/lib/ruby/gems/2.0.0/specifications/actionpack-4.0.2.gemspec
I, [2014-01-23T17:55:47.297976 #4736]  INFO -- : 0:  mime-types (1.25.1) from /Users/mluukkai/.rbenv/versions/2.0.0-p247/lib/ruby/gems/2.0.0/specifications/mime-types-1.25.1.gemspec
I, [2014-01-23T17:55:47.298252 #4736]  INFO -- : 0:  polyglot (0.3.3) from /Users/mluukkai/.rbenv/versions/2.0.0-p247/lib/ruby/gems/2.0.0/specifications/polyglot-0.3.3.gemspec
I, [2014-01-23T17:55:47.298520 #4736]  INFO -- : 0:  treetop (1.4.15) from /Users/mluukkai/.rbenv/versions/2.0.0-p247/lib/ruby/gems/2.0.0/specifications/treetop-1.4.15.gemspec
I, [2014-01-23T17:55:47.298773 #4736]  INFO -- : 0:  mail (2.5.4) from /Users/mluukkai/.rbenv/versions/2.0.0-p247/lib/ruby/gems/2.0.0/specifications/mail-2.5.4.gemspec
I, [2014-01-23T17:55:47.299023 #4736]  INFO -- : 0:  actionmailer (4.0.2) from /Users/mluukkai/.rbenv/versions/2.0.0-p247/lib/ruby/gems/2.0.0/specifications/actionmailer-4.0.2.gemspec
I, [2014-01-23T17:55:47.299274 #4736]  INFO -- : 0:  activemodel (4.0.2) from /Users/mluukkai/.rbenv/versions/2.0.0-p247/lib/ruby/gems/2.0.0/specifications/activemodel-4.0.2.gemspec
I, [2014-01-23T17:55:47.299553 #4736]  INFO -- : 0:  activerecord-deprecated_finders (1.0.3) from /Users/mluukkai/.rbenv/versions/2.0.0-p247/lib/ruby/gems/2.0.0/specifications/activerecord-deprecated_finders-1.0.3.gemspec
I, [2014-01-23T17:55:47.299901 #4736]  INFO -- : 0:  arel (4.0.1) from /Users/mluukkai/.rbenv/versions/2.0.0-p247/lib/ruby/gems/2.0.0/specifications/arel-4.0.1.gemspec
I, [2014-01-23T17:55:47.300194 #4736]  INFO -- : 0:  activerecord (4.0.2) from /Users/mluukkai/.rbenv/versions/2.0.0-p247/lib/ruby/gems/2.0.0/specifications/activerecord-4.0.2.gemspec
I, [2014-01-23T17:55:49.641338 #4736]  INFO -- : 0:  bcrypt-ruby (3.1.2) from /Users/mluukkai/.rbenv/versions/2.0.0-p247/lib/ruby/gems/2.0.0/specifications/bcrypt-ruby-3.1.2.gemspec
I, [2014-01-23T17:55:49.642125 #4736]  INFO -- : 0:  bundler (1.5.1) from /Users/mluukkai/.rbenv/versions/2.0.0-p247/lib/ruby/gems/2.0.0/specifications/bundler-1.5.1.gemspec
I, [2014-01-23T17:55:49.642645 #4736]  INFO -- : 0:  columnize (0.3.6) from /Users/mluukkai/.rbenv/versions/2.0.0-p247/lib/ruby/gems/2.0.0/specifications/columnize-0.3.6.gemspec
I, [2014-01-23T17:55:49.643028 #4736]  INFO -- : 0:  debugger-linecache (1.2.0) from /Users/mluukkai/.rbenv/versions/2.0.0-p247/lib/ruby/gems/2.0.0/specifications/debugger-linecache-1.2.0.gemspec
I, [2014-01-23T17:55:49.643367 #4736]  INFO -- : 0:  byebug (2.5.0) from /Users/mluukkai/.rbenv/versions/2.0.0-p247/lib/ruby/gems/2.0.0/specifications/byebug-2.5.0.gemspec
I, [2014-01-23T17:55:49.643703 #4736]  INFO -- : 0:  coffee-script-source (1.6.3) from /Users/mluukkai/.rbenv/versions/2.0.0-p247/lib/ruby/gems/2.0.0/specifications/coffee-script-source-1.6.3.gemspec
I, [2014-01-23T17:55:49.644025 #4736]  INFO -- : 0:  execjs (2.0.2) from /Users/mluukkai/.rbenv/versions/2.0.0-p247/lib/ruby/gems/2.0.0/specifications/execjs-2.0.2.gemspec
I, [2014-01-23T17:55:49.644314 #4736]  INFO -- : 0:  coffee-script (2.2.0) from /Users/mluukkai/.rbenv/versions/2.0.0-p247/lib/ruby/gems/2.0.0/specifications/coffee-script-2.2.0.gemspec
I, [2014-01-23T17:55:49.644642 #4736]  INFO -- : 0:  thor (0.18.1) from /Users/mluukkai/.rbenv/versions/2.0.0-p247/lib/ruby/gems/2.0.0/specifications/thor-0.18.1.gemspec
I, [2014-01-23T17:55:49.644949 #4736]  INFO -- : 0:  railties (4.0.2) from /Users/mluukkai/.rbenv/versions/2.0.0-p247/lib/ruby/gems/2.0.0/specifications/railties-4.0.2.gemspec
I, [2014-01-23T17:55:49.645246 #4736]  INFO -- : 0:  coffee-rails (4.0.1) from /Users/mluukkai/.rbenv/versions/2.0.0-p247/lib/ruby/gems/2.0.0/specifications/coffee-rails-4.0.1.gemspec
I, [2014-01-23T17:55:49.645541 #4736]  INFO -- : 0:  debugger-ruby_core_source (1.3.1) from /Users/mluukkai/.rbenv/versions/2.0.0-p247/lib/ruby/gems/2.0.0/specifications/debugger-ruby_core_source-1.3.1.gemspec
I, [2014-01-23T17:55:49.645828 #4736]  INFO -- : 0:  debugger (1.6.5) from /Users/mluukkai/.rbenv/versions/2.0.0-p247/lib/ruby/gems/2.0.0/specifications/debugger-1.6.5.gemspec
I, [2014-01-23T17:55:49.646251 #4736]  INFO -- : 0:  hike (1.2.3) from /Users/mluukkai/.rbenv/versions/2.0.0-p247/lib/ruby/gems/2.0.0/specifications/hike-1.2.3.gemspec
I, [2014-01-23T17:55:49.646607 #4736]  INFO -- : 0:  jbuilder (1.5.3) from /Users/mluukkai/.rbenv/versions/2.0.0-p247/lib/ruby/gems/2.0.0/specifications/jbuilder-1.5.3.gemspec
I, [2014-01-23T17:55:49.646944 #4736]  INFO -- : 0:  jquery-rails (3.0.4) from /Users/mluukkai/.rbenv/versions/2.0.0-p247/lib/ruby/gems/2.0.0/specifications/jquery-rails-3.0.4.gemspec
I, [2014-01-23T17:55:49.647363 #4736]  INFO -- : 0:  json (1.8.1) from /Users/mluukkai/.rbenv/versions/2.0.0-p247/lib/ruby/gems/2.0.0/specifications/json-1.8.1.gemspec
I, [2014-01-23T17:55:49.647702 #4736]  INFO -- : 0:  pg (0.17.1) from /Users/mluukkai/.rbenv/versions/2.0.0-p247/lib/ruby/gems/2.0.0/specifications/pg-0.17.1.gemspec
I, [2014-01-23T17:55:49.648030 #4736]  INFO -- : 0:  tilt (1.4.1) from /Users/mluukkai/.rbenv/versions/2.0.0-p247/lib/ruby/gems/2.0.0/specifications/tilt-1.4.1.gemspec
I, [2014-01-23T17:55:49.648362 #4736]  INFO -- : 0:  sprockets (2.10.1) from /Users/mluukkai/.rbenv/versions/2.0.0-p247/lib/ruby/gems/2.0.0/specifications/sprockets-2.10.1.gemspec
I, [2014-01-23T17:55:49.648711 #4736]  INFO -- : 0:  sprockets-rails (2.0.1) from /Users/mluukkai/.rbenv/versions/2.0.0-p247/lib/ruby/gems/2.0.0/specifications/sprockets-rails-2.0.1.gemspec
I, [2014-01-23T17:55:49.649185 #4736]  INFO -- : 0:  rails (4.0.2) from /Users/mluukkai/.rbenv/versions/2.0.0-p247/lib/ruby/gems/2.0.0/specifications/rails-4.0.2.gemspec
I, [2014-01-23T17:55:49.649595 #4736]  INFO -- : 0:  rails_serve_static_assets (0.0.2) from /Users/mluukkai/.rbenv/versions/2.0.0-p247/lib/ruby/gems/2.0.0/specifications/rails_serve_static_assets-0.0.2.gemspec
I, [2014-01-23T17:55:49.649974 #4736]  INFO -- : 0:  rails_stdout_logging (0.0.3) from /Users/mluukkai/.rbenv/versions/2.0.0-p247/lib/ruby/gems/2.0.0/specifications/rails_stdout_logging-0.0.3.gemspec
I, [2014-01-23T17:55:49.650340 #4736]  INFO -- : 0:  rails_12factor (0.0.2) from /Users/mluukkai/.rbenv/versions/2.0.0-p247/lib/ruby/gems/2.0.0/specifications/rails_12factor-0.0.2.gemspec
I, [2014-01-23T17:55:49.650704 #4736]  INFO -- : 0:  rdoc (3.12.2) from /Users/mluukkai/.rbenv/versions/2.0.0-p247/lib/ruby/gems/2.0.0/specifications/rdoc-3.12.2.gemspec
I, [2014-01-23T17:55:49.651073 #4736]  INFO -- : 0:  sass (3.2.13) from /Users/mluukkai/.rbenv/versions/2.0.0-p247/lib/ruby/gems/2.0.0/specifications/sass-3.2.13.gemspec
I, [2014-01-23T17:55:49.651432 #4736]  INFO -- : 0:  sass-rails (4.0.1) from /Users/mluukkai/.rbenv/versions/2.0.0-p247/lib/ruby/gems/2.0.0/specifications/sass-rails-4.0.1.gemspec
I, [2014-01-23T17:55:49.651790 #4736]  INFO -- : 0:  sdoc (0.3.20) from /Users/mluukkai/.rbenv/versions/2.0.0-p247/lib/ruby/gems/2.0.0/specifications/sdoc-0.3.20.gemspec
I, [2014-01-23T17:55:49.652150 #4736]  INFO -- : 0:  sqlite3 (1.3.8) from /Users/mluukkai/.rbenv/versions/2.0.0-p247/lib/ruby/gems/2.0.0/specifications/sqlite3-1.3.8.gemspec
I, [2014-01-23T17:55:49.652528 #4736]  INFO -- : 0:  turbolinks (2.1.0) from /Users/mluukkai/.rbenv/versions/2.0.0-p247/lib/ruby/gems/2.0.0/specifications/turbolinks-2.1.0.gemspec
I, [2014-01-23T17:55:49.652898 #4736]  INFO -- : 0:  uglifier (2.4.0) from /Users/mluukkai/.rbenv/versions/2.0.0-p247/lib/ruby/gems/2.0.0/specifications/uglifier-2.4.0.gemspec
